\BOOKMARK [1][-]{section.1}{\376\377\000P\000e\000n\000d\000a\000h\000u\000l\000u\000a\000n}{}% 1
\BOOKMARK [1][-]{section.2}{\376\377\000K\000a\000j\000i\000a\000n\000\040\000P\000u\000s\000t\000a\000k\000a}{}% 2
\BOOKMARK [2][-]{subsection.2.1}{\376\377\000N\000o\000d\000e\000J\000s}{section.2}% 3
\BOOKMARK [2][-]{subsection.2.2}{\376\377\000N\000e\000s\000t\000J\000s}{section.2}% 4
\BOOKMARK [2][-]{subsection.2.3}{\376\377\000O\000b\000j\000e\000c\000t\000\040\000R\000e\000l\000a\000t\000i\000o\000n\000a\000l\000\040\000M\000a\000p\000p\000i\000n\000g}{section.2}% 5
\BOOKMARK [2][-]{subsection.2.4}{\376\377\000P\000r\000i\000s\000m\000a\000J\000s}{section.2}% 6
\BOOKMARK [2][-]{subsection.2.5}{\376\377\000A\000r\000s\000i\000t\000e\000k\000t\000u\000r\000\040\000M\000o\000n\000o\000l\000i\000t\000i\000k}{section.2}% 7
\BOOKMARK [2][-]{subsection.2.6}{\376\377\000J\000S\000O\000N\000\040\000W\000e\000b\000\040\000T\000o\000k\000e\000n}{section.2}% 8
\BOOKMARK [2][-]{subsection.2.7}{\376\377\000A\000n\000t\000i\000\040\000P\000a\000t\000t\000e\000r\000n}{section.2}% 9
\BOOKMARK [2][-]{subsection.2.8}{\376\377\000R\000E\000S\000T\000f\000u\000l\000\040\000A\000P\000I}{section.2}% 10
\BOOKMARK [1][-]{section.3}{\376\377\000S\000i\000s\000t\000e\000m\000\040\000y\000a\000n\000g\000\040\000D\000i\000b\000a\000n\000g\000u\000n}{}% 11
\BOOKMARK [2][-]{subsection.3.1}{\376\377\000M\000i\000d\000d\000l\000e\000w\000a\000r\000e}{section.3}% 12
\BOOKMARK [2][-]{subsection.3.2}{\376\377\000G\000u\000a\000r\000d}{section.3}% 13
\BOOKMARK [2][-]{subsection.3.3}{\376\377\000I\000n\000t\000e\000r\000c\000e\000p\000t\000o\000r}{section.3}% 14
\BOOKMARK [2][-]{subsection.3.4}{\376\377\000C\000o\000n\000t\000r\000o\000l\000l\000e\000r}{section.3}% 15
\BOOKMARK [2][-]{subsection.3.5}{\376\377\000D\000e\000p\000l\000o\000y\000m\000e\000n\000t}{section.3}% 16
\BOOKMARK [1][-]{section.4}{\376\377\000E\000v\000a\000l\000u\000a\000s\000i}{}% 17
\BOOKMARK [2][-]{subsection.4.1}{\376\377\000H\000a\000s\000i\000l\000\040\000P\000e\000n\000g\000u\000j\000i\000a\000n}{section.4}% 18
\BOOKMARK [2][-]{subsection.4.2}{\376\377\000A\000n\000a\000l\000i\000s\000i\000s\000\040\000H\000a\000s\000i\000l\000\040\000P\000e\000n\000g\000u\000j\000i\000a\000n}{section.4}% 19
\BOOKMARK [1][-]{section.5}{\376\377\000K\000e\000s\000i\000m\000p\000u\000l\000a\000n}{}% 20
